<?xml version="1.0" encoding="UTF-8"?>
<!-- Generated by org.testng.reporters.JUnitReportReporter -->
<testsuite skipped="0" hostname="DESKTOP-B2220QC" name="Pack123.TestClass" tests="1" failures="0" timestamp="2021-10-25T19:13:16 IST" time="1.103" errors="0">
  <testcase name="testA" time="1.103" classname="Pack123.TestClass"/>
  <system-out/>
</testsuite> <!-- Pack123.TestClass -->
