<?xml version="1.0" encoding="UTF-8"?>
<!-- Generated by org.testng.reporters.JUnitReportReporter -->
<testsuite skipped="0" hostname="DESKTOP-B2220QC" name="Demo.NewTestClass" tests="4" failures="0" timestamp="2021-10-27T19:30:21 IST" time="0.019" errors="0">
  <testcase name="testD" time="0.004" classname="Demo.NewTestClass"/>
  <system-out/>
  <testcase name="testB" time="0.007" classname="Demo.NewTestClass"/>
  <system-out/>
  <testcase name="testA" time="0.004" classname="Demo.NewTestClass"/>
  <system-out/>
  <testcase name="testC" time="0.004" classname="Demo.NewTestClass"/>
  <system-out/>
</testsuite> <!-- Demo.NewTestClass -->
