<?xml version="1.0" encoding="UTF-8"?>
<!-- Generated by org.testng.reporters.JUnitReportReporter -->
<testsuite skipped="0" hostname="DESKTOP-B2220QC" name="Demo.TestCaseA" tests="4" failures="0" timestamp="2021-10-27T19:30:21 IST" time="0.040" errors="0">
  <testcase name="demoD" time="0.019" classname="Demo.TestCaseA"/>
  <system-out/>
  <testcase name="demoB" time="0.012" classname="Demo.TestCaseA"/>
  <system-out/>
  <testcase name="demoA" time="0.005" classname="Demo.TestCaseA"/>
  <system-out/>
  <testcase name="demoC" time="0.004" classname="Demo.TestCaseA"/>
  <system-out/>
</testsuite> <!-- Demo.TestCaseA -->
